<?xml version="1.0" encoding="UTF-8"?>
<coverage generated="1750424561602" clover="3.2.0">
  <project timestamp="1750424561602" name="All files">
    <metrics statements="64" coveredstatements="58" conditionals="34" coveredconditionals="29" methods="24" coveredmethods="20" elements="122" coveredelements="107" complexity="0" loc="64" ncloc="64" packages="5" files="7" classes="7"/>
    <package name="components.dashboard">
      <metrics statements="19" coveredstatements="17" conditionals="25" coveredconditionals="23" methods="13" coveredmethods="11"/>
      <file name="DashboardHeader.tsx" path="/app/src/components/dashboard/DashboardHeader.tsx">
        <metrics statements="4" coveredstatements="2" conditionals="4" coveredconditionals="2" methods="3" coveredmethods="1"/>
        <line num="11" count="1" type="stmt"/>
        <line num="12" count="7" type="stmt"/>
        <line num="27" count="0" type="stmt"/>
        <line num="35" count="0" type="stmt"/>
      </file>
      <file name="PlatformStats.tsx" path="/app/src/components/dashboard/PlatformStats.tsx">
        <metrics statements="15" coveredstatements="15" conditionals="21" coveredconditionals="21" methods="10" coveredmethods="10"/>
        <line num="11" count="1" type="stmt"/>
        <line num="12" count="6" type="stmt"/>
        <line num="13" count="12" type="cond" truecount="2" falsecount="0"/>
        <line num="14" count="12" type="cond" truecount="2" falsecount="0"/>
        <line num="17" count="6" type="stmt"/>
        <line num="18" count="12" type="cond" truecount="4" falsecount="0"/>
        <line num="21" count="6" type="stmt"/>
        <line num="22" count="12" type="cond" truecount="4" falsecount="0"/>
        <line num="28" count="6" type="stmt"/>
        <line num="29" count="60" type="stmt"/>
        <line num="30" count="30" type="stmt"/>
        <line num="36" count="12" type="stmt"/>
        <line num="40" count="6" type="stmt"/>
        <line num="104" count="30" type="cond" truecount="3" falsecount="0"/>
        <line num="109" count="30" type="cond" truecount="4" falsecount="0"/>
      </file>
    </package>
    <package name="components.ui">
      <metrics statements="23" coveredstatements="21" conditionals="3" coveredconditionals="2" methods="7" coveredmethods="5"/>
      <file name="button.tsx" path="/app/src/components/ui/button.tsx">
        <metrics statements="5" coveredstatements="5" conditionals="3" coveredconditionals="2" methods="1" coveredmethods="1"/>
        <line num="7" count="1" type="stmt"/>
        <line num="42" count="1" type="stmt"/>
        <line num="44" count="21" type="cond" truecount="1" falsecount="1"/>
        <line num="45" count="21" type="stmt"/>
        <line num="54" count="1" type="stmt"/>
      </file>
      <file name="card.tsx" path="/app/src/components/ui/card.tsx">
        <metrics statements="18" coveredstatements="16" conditionals="0" coveredconditionals="0" methods="6" coveredmethods="4"/>
        <line num="5" count="1" type="stmt"/>
        <line num="9" count="26" type="stmt"/>
        <line num="18" count="1" type="stmt"/>
        <line num="20" count="1" type="stmt"/>
        <line num="24" count="26" type="stmt"/>
        <line num="30" count="1" type="stmt"/>
        <line num="32" count="1" type="stmt"/>
        <line num="36" count="26" type="stmt"/>
        <line num="45" count="1" type="stmt"/>
        <line num="47" count="1" type="stmt"/>
        <line num="51" count="0" type="stmt"/>
        <line num="57" count="1" type="stmt"/>
        <line num="59" count="1" type="stmt"/>
        <line num="63" count="26" type="stmt"/>
        <line num="65" count="1" type="stmt"/>
        <line num="67" count="1" type="stmt"/>
        <line num="71" count="0" type="stmt"/>
        <line num="77" count="1" type="stmt"/>
      </file>
    </package>
    <package name="config">
      <metrics statements="1" coveredstatements="1" conditionals="0" coveredconditionals="0" methods="0" coveredmethods="0"/>
      <file name="platformConfig.ts" path="/app/src/config/platformConfig.ts">
        <metrics statements="1" coveredstatements="1" conditionals="0" coveredconditionals="0" methods="0" coveredmethods="0"/>
        <line num="1" count="1" type="stmt"/>
      </file>
    </package>
    <package name="lib">
      <metrics statements="1" coveredstatements="1" conditionals="0" coveredconditionals="0" methods="1" coveredmethods="1"/>
      <file name="utils.ts" path="/app/src/lib/utils.ts">
        <metrics statements="1" coveredstatements="1" conditionals="0" coveredconditionals="0" methods="1" coveredmethods="1"/>
        <line num="5" count="125" type="stmt"/>
      </file>
    </package>
    <package name="pages">
      <metrics statements="20" coveredstatements="18" conditionals="6" coveredconditionals="4" methods="3" coveredmethods="3"/>
      <file name="Index.tsx" path="/app/src/pages/Index.tsx">
        <metrics statements="20" coveredstatements="18" conditionals="6" coveredconditionals="4" methods="3" coveredmethods="3"/>
        <line num="8" count="1" type="stmt"/>
        <line num="9" count="7" type="stmt"/>
        <line num="10" count="7" type="stmt"/>
        <line num="11" count="7" type="stmt"/>
        <line num="13" count="7" type="stmt"/>
        <line num="14" count="6" type="stmt"/>
        <line num="15" count="6" type="stmt"/>
        <line num="18" count="6" type="stmt"/>
        <line num="19" count="5" type="cond" truecount="2" falsecount="0"/>
        <line num="21" count="1" type="stmt"/>
        <line num="23" count="1" type="stmt"/>
        <line num="25" count="4" type="stmt"/>
        <line num="26" count="4" type="cond" truecount="1" falsecount="1"/>
        <line num="27" count="4" type="stmt"/>
        <line num="28" count="4" type="stmt"/>
        <line num="30" count="0" type="stmt"/>
        <line num="31" count="0" type="stmt"/>
        <line num="34" count="1" type="stmt"/>
        <line num="39" count="6" type="stmt"/>
        <line num="42" count="7" type="stmt"/>
      </file>
    </package>
  </project>
</coverage>
