{"/app/src/components/dashboard/DashboardHeader.tsx": {"path":"/app/src/components/dashboard/DashboardHeader.tsx","statementMap":{"0":{"start":{"line":11,"column":31},"end":{"line":51,"column":1}},"1":{"start":{"line":12,"column":2},"end":{"line":50,"column":4}},"2":{"start":{"line":27,"column":29},"end":{"line":27,"column":52}},"3":{"start":{"line":35,"column":29},"end":{"line":35,"column":56}}},"fnMap":{"0":{"name":"(anonymous_0)","decl":{"start":{"line":11,"column":31},"end":{"line":11,"column":32}},"loc":{"start":{"line":11,"column":87},"end":{"line":51,"column":1}},"line":11},"1":{"name":"(anonymous_1)","decl":{"start":{"line":27,"column":23},"end":{"line":27,"column":24}},"loc":{"start":{"line":27,"column":29},"end":{"line":27,"column":52}},"line":27},"2":{"name":"(anonymous_2)","decl":{"start":{"line":35,"column":23},"end":{"line":35,"column":24}},"loc":{"start":{"line":35,"column":29},"end":{"line":35,"column":56}},"line":35}},"branchMap":{"0":{"loc":{"start":{"line":26,"column":23},"end":{"line":26,"column":69}},"type":"cond-expr","locations":[{"start":{"line":26,"column":50},"end":{"line":26,"column":59}},{"start":{"line":26,"column":62},"end":{"line":26,"column":69}}],"line":26},"1":{"loc":{"start":{"line":34,"column":23},"end":{"line":34,"column":73}},"type":"cond-expr","locations":[{"start":{"line":34,"column":54},"end":{"line":34,"column":63}},{"start":{"line":34,"column":66},"end":{"line":34,"column":73}}],"line":34}},"s":{"0":1,"1":7,"2":0,"3":0},"f":{"0":7,"1":0,"2":0},"b":{"0":[7,0],"1":[0,7]},"_coverageSchema":"1a1c01bbd47fc00a2c39e90264f33305004495a9","hash":"969526a65b8f9647d0389e1d7810cecb80031bea"}
,"/app/src/components/dashboard/PlatformStats.tsx": {"path":"/app/src/components/dashboard/PlatformStats.tsx","statementMap":{"0":{"start":{"line":11,"column":29},"end":{"line":122,"column":1}},"1":{"start":{"line":12,"column":21},"end":{"line":12,"column":33}},"2":{"start":{"line":13,"column":24},"end":{"line":13,"column":82}},"3":{"start":{"line":13,"column":52},"end":{"line":13,"column":78}},"4":{"start":{"line":14,"column":36},"end":{"line":14,"column":108}},"5":{"start":{"line":14,"column":64},"end":{"line":14,"column":104}},"6":{"start":{"line":17,"column":34},"end":{"line":20,"column":3}},"7":{"start":{"line":18,"column":19},"end":{"line":18,"column":133}},"8":{"start":{"line":21,"column":34},"end":{"line":24,"column":3}},"9":{"start":{"line":22,"column":19},"end":{"line":22,"column":129}},"10":{"start":{"line":28,"column":24},"end":{"line":38,"column":4}},"11":{"start":{"line":29,"column":26},"end":{"line":29,"column":69}},"12":{"start":{"line":29,"column":47},"end":{"line":29,"column":68}},"13":{"start":{"line":30,"column":4},"end":{"line":37,"column":6}},"14":{"start":{"line":36,"column":52},"end":{"line":36,"column":71}},"15":{"start":{"line":40,"column":2},"end":{"line":121,"column":4}},"16":{"start":{"line":104,"column":39},"end":{"line":104,"column":108}},"17":{"start":{"line":109,"column":14},"end":{"line":115,"column":15}}},"fnMap":{"0":{"name":"(anonymous_0)","decl":{"start":{"line":11,"column":29},"end":{"line":11,"column":30}},"loc":{"start":{"line":11,"column":64},"end":{"line":122,"column":1}},"line":11},"1":{"name":"(anonymous_1)","decl":{"start":{"line":13,"column":37},"end":{"line":13,"column":38}},"loc":{"start":{"line":13,"column":52},"end":{"line":13,"column":78}},"line":13},"2":{"name":"(anonymous_2)","decl":{"start":{"line":14,"column":49},"end":{"line":14,"column":50}},"loc":{"start":{"line":14,"column":64},"end":{"line":14,"column":104}},"line":14},"3":{"name":"(anonymous_3)","decl":{"start":{"line":18,"column":4},"end":{"line":18,"column":5}},"loc":{"start":{"line":18,"column":19},"end":{"line":18,"column":133}},"line":18},"4":{"name":"(anonymous_4)","decl":{"start":{"line":22,"column":4},"end":{"line":22,"column":5}},"loc":{"start":{"line":22,"column":19},"end":{"line":22,"column":129}},"line":22},"5":{"name":"(anonymous_5)","decl":{"start":{"line":28,"column":57},"end":{"line":28,"column":58}},"loc":{"start":{"line":28,"column":74},"end":{"line":38,"column":3}},"line":28},"6":{"name":"(anonymous_6)","decl":{"start":{"line":29,"column":39},"end":{"line":29,"column":40}},"loc":{"start":{"line":29,"column":47},"end":{"line":29,"column":68}},"line":29},"7":{"name":"(anonymous_7)","decl":{"start":{"line":36,"column":37},"end":{"line":36,"column":38}},"loc":{"start":{"line":36,"column":52},"end":{"line":36,"column":71}},"line":36},"8":{"name":"(anonymous_8)","decl":{"start":{"line":104,"column":34},"end":{"line":104,"column":35}},"loc":{"start":{"line":104,"column":39},"end":{"line":104,"column":108}},"line":104},"9":{"name":"(anonymous_9)","decl":{"start":{"line":108,"column":31},"end":{"line":108,"column":32}},"loc":{"start":{"line":109,"column":14},"end":{"line":115,"column":15}},"line":109}},"branchMap":{"0":{"loc":{"start":{"line":13,"column":59},"end":{"line":13,"column":77}},"type":"binary-expr","locations":[{"start":{"line":13,"column":59},"end":{"line":13,"column":72}},{"start":{"line":13,"column":76},"end":{"line":13,"column":77}}],"line":13},"1":{"loc":{"start":{"line":14,"column":71},"end":{"line":14,"column":103}},"type":"binary-expr","locations":[{"start":{"line":14,"column":71},"end":{"line":14,"column":98}},{"start":{"line":14,"column":102},"end":{"line":14,"column":103}}],"line":14},"2":{"loc":{"start":{"line":18,"column":26},"end":{"line":18,"column":132}},"type":"cond-expr","locations":[{"start":{"line":18,"column":93},"end":{"line":18,"column":128}},{"start":{"line":18,"column":131},"end":{"line":18,"column":132}}],"line":18},"3":{"loc":{"start":{"line":18,"column":26},"end":{"line":18,"column":90}},"type":"binary-expr","locations":[{"start":{"line":18,"column":26},"end":{"line":18,"column":50}},{"start":{"line":18,"column":54},"end":{"line":18,"column":90}}],"line":18},"4":{"loc":{"start":{"line":22,"column":26},"end":{"line":22,"column":128}},"type":"cond-expr","locations":[{"start":{"line":22,"column":91},"end":{"line":22,"column":124}},{"start":{"line":22,"column":127},"end":{"line":22,"column":128}}],"line":22},"5":{"loc":{"start":{"line":22,"column":26},"end":{"line":22,"column":88}},"type":"binary-expr","locations":[{"start":{"line":22,"column":26},"end":{"line":22,"column":50}},{"start":{"line":22,"column":54},"end":{"line":22,"column":88}}],"line":22},"6":{"loc":{"start":{"line":80,"column":7},"end":{"line":95,"column":7}},"type":"binary-expr","locations":[{"start":{"line":80,"column":7},"end":{"line":80,"column":34}},{"start":{"line":81,"column":8},"end":{"line":94,"column":15}}],"line":80},"7":{"loc":{"start":{"line":104,"column":39},"end":{"line":104,"column":108}},"type":"binary-expr","locations":[{"start":{"line":104,"column":39},"end":{"line":104,"column":50}},{"start":{"line":104,"column":55},"end":{"line":104,"column":76}},{"start":{"line":104,"column":80},"end":{"line":104,"column":107}}],"line":104},"8":{"loc":{"start":{"line":109,"column":14},"end":{"line":115,"column":15}},"type":"binary-expr","locations":[{"start":{"line":109,"column":15},"end":{"line":109,"column":33}},{"start":{"line":109,"column":38},"end":{"line":109,"column":66}},{"start":{"line":109,"column":70},"end":{"line":109,"column":97}},{"start":{"line":110,"column":16},"end":{"line":114,"column":18}}],"line":109}},"s":{"0":1,"1":6,"2":6,"3":12,"4":6,"5":12,"6":6,"7":12,"8":6,"9":12,"10":6,"11":30,"12":60,"13":30,"14":12,"15":6,"16":30,"17":30},"f":{"0":6,"1":12,"2":12,"3":12,"4":12,"5":30,"6":60,"7":12,"8":30,"9":30},"b":{"0":[12,1],"1":[12,1],"2":[2,10],"3":[12,3],"4":[2,10],"5":[12,3],"6":[6,2],"7":[30,19,3],"8":[30,19,3,11]},"_coverageSchema":"1a1c01bbd47fc00a2c39e90264f33305004495a9","hash":"84d3362b9884bb460ed2cf07fffeb841ffc61b66"}
,"/app/src/components/ui/button.tsx": {"path":"/app/src/components/ui/button.tsx","statementMap":{"0":{"start":{"line":7,"column":23},"end":{"line":34,"column":1}},"1":{"start":{"line":42,"column":15},"end":{"line":53,"column":1}},"2":{"start":{"line":44,"column":17},"end":{"line":44,"column":42}},"3":{"start":{"line":45,"column":4},"end":{"line":51,"column":5}},"4":{"start":{"line":54,"column":0},"end":{"line":54,"column":29}}},"fnMap":{"0":{"name":"(anonymous_0)","decl":{"start":{"line":43,"column":2},"end":{"line":43,"column":3}},"loc":{"start":{"line":43,"column":68},"end":{"line":52,"column":3}},"line":43}},"branchMap":{"0":{"loc":{"start":{"line":43,"column":31},"end":{"line":43,"column":46}},"type":"default-arg","locations":[{"start":{"line":43,"column":41},"end":{"line":43,"column":46}}],"line":43},"1":{"loc":{"start":{"line":44,"column":17},"end":{"line":44,"column":42}},"type":"cond-expr","locations":[{"start":{"line":44,"column":27},"end":{"line":44,"column":31}},{"start":{"line":44,"column":34},"end":{"line":44,"column":42}}],"line":44}},"s":{"0":1,"1":1,"2":21,"3":21,"4":1},"f":{"0":21},"b":{"0":[21],"1":[0,21]},"_coverageSchema":"1a1c01bbd47fc00a2c39e90264f33305004495a9","hash":"2a43c3f4435ea272a9692e6fdfb60803eed7e78c"}
,"/app/src/components/ui/card.tsx": {"path":"/app/src/components/ui/card.tsx","statementMap":{"0":{"start":{"line":5,"column":13},"end":{"line":17,"column":2}},"1":{"start":{"line":9,"column":2},"end":{"line":16,"column":4}},"2":{"start":{"line":18,"column":0},"end":{"line":18,"column":25}},"3":{"start":{"line":20,"column":19},"end":{"line":29,"column":2}},"4":{"start":{"line":24,"column":2},"end":{"line":28,"column":4}},"5":{"start":{"line":30,"column":0},"end":{"line":30,"column":37}},"6":{"start":{"line":32,"column":18},"end":{"line":44,"column":2}},"7":{"start":{"line":36,"column":2},"end":{"line":43,"column":4}},"8":{"start":{"line":45,"column":0},"end":{"line":45,"column":35}},"9":{"start":{"line":47,"column":24},"end":{"line":56,"column":2}},"10":{"start":{"line":51,"column":2},"end":{"line":55,"column":4}},"11":{"start":{"line":57,"column":0},"end":{"line":57,"column":47}},"12":{"start":{"line":59,"column":20},"end":{"line":64,"column":2}},"13":{"start":{"line":63,"column":2},"end":{"line":63,"column":68}},"14":{"start":{"line":65,"column":0},"end":{"line":65,"column":39}},"15":{"start":{"line":67,"column":19},"end":{"line":76,"column":2}},"16":{"start":{"line":71,"column":2},"end":{"line":75,"column":4}},"17":{"start":{"line":77,"column":0},"end":{"line":77,"column":37}}},"fnMap":{"0":{"name":"(anonymous_0)","decl":{"start":{"line":8,"column":2},"end":{"line":8,"column":3}},"loc":{"start":{"line":9,"column":2},"end":{"line":16,"column":4}},"line":9},"1":{"name":"(anonymous_1)","decl":{"start":{"line":23,"column":2},"end":{"line":23,"column":3}},"loc":{"start":{"line":24,"column":2},"end":{"line":28,"column":4}},"line":24},"2":{"name":"(anonymous_2)","decl":{"start":{"line":35,"column":2},"end":{"line":35,"column":3}},"loc":{"start":{"line":36,"column":2},"end":{"line":43,"column":4}},"line":36},"3":{"name":"(anonymous_3)","decl":{"start":{"line":50,"column":2},"end":{"line":50,"column":3}},"loc":{"start":{"line":51,"column":2},"end":{"line":55,"column":4}},"line":51},"4":{"name":"(anonymous_4)","decl":{"start":{"line":62,"column":2},"end":{"line":62,"column":3}},"loc":{"start":{"line":63,"column":2},"end":{"line":63,"column":68}},"line":63},"5":{"name":"(anonymous_5)","decl":{"start":{"line":70,"column":2},"end":{"line":70,"column":3}},"loc":{"start":{"line":71,"column":2},"end":{"line":75,"column":4}},"line":71}},"branchMap":{},"s":{"0":1,"1":26,"2":1,"3":1,"4":26,"5":1,"6":1,"7":26,"8":1,"9":1,"10":0,"11":1,"12":1,"13":26,"14":1,"15":1,"16":0,"17":1},"f":{"0":26,"1":26,"2":26,"3":0,"4":26,"5":0},"b":{},"_coverageSchema":"1a1c01bbd47fc00a2c39e90264f33305004495a9","hash":"65dc15a09d5f3e91ea9614c4764bcb629d0faf58"}
,"/app/src/config/platformConfig.ts": {"path":"/app/src/config/platformConfig.ts","statementMap":{"0":{"start":{"line":1,"column":28},"end":{"line":7,"column":1}}},"fnMap":{},"branchMap":{},"s":{"0":1},"f":{},"b":{},"_coverageSchema":"1a1c01bbd47fc00a2c39e90264f33305004495a9","hash":"e1783943153e2227033d6f08460077139e7cf429"}
,"/app/src/lib/utils.ts": {"path":"/app/src/lib/utils.ts","statementMap":{"0":{"start":{"line":5,"column":2},"end":{"line":5,"column":30}}},"fnMap":{"0":{"name":"cn","decl":{"start":{"line":4,"column":16},"end":{"line":4,"column":18}},"loc":{"start":{"line":4,"column":44},"end":{"line":6,"column":1}},"line":4}},"branchMap":{},"s":{"0":125},"f":{"0":125},"b":{},"_coverageSchema":"1a1c01bbd47fc00a2c39e90264f33305004495a9","hash":"90f5c763646049b37a84e9ca15075f44457e1a75"}
,"/app/src/pages/Index.tsx": {"path":"/app/src/pages/Index.tsx","statementMap":{"0":{"start":{"line":8,"column":14},"end":{"line":65,"column":1}},"1":{"start":{"line":9,"column":38},"end":{"line":9,"column":84}},"2":{"start":{"line":10,"column":50},"end":{"line":10,"column":73}},"3":{"start":{"line":11,"column":36},"end":{"line":11,"column":55}},"4":{"start":{"line":13,"column":2},"end":{"line":40,"column":9}},"5":{"start":{"line":14,"column":27},"end":{"line":37,"column":5}},"6":{"start":{"line":15,"column":6},"end":{"line":36,"column":7}},"7":{"start":{"line":18,"column":25},"end":{"line":18,"column":55}},"8":{"start":{"line":19,"column":8},"end":{"line":24,"column":9}},"9":{"start":{"line":21,"column":10},"end":{"line":21,"column":80}},"10":{"start":{"line":23,"column":10},"end":{"line":23,"column":17}},"11":{"start":{"line":25,"column":21},"end":{"line":25,"column":42}},"12":{"start":{"line":26,"column":8},"end":{"line":32,"column":9}},"13":{"start":{"line":27,"column":10},"end":{"line":27,"column":35}},"14":{"start":{"line":28,"column":10},"end":{"line":28,"column":57}},"15":{"start":{"line":30,"column":10},"end":{"line":30,"column":91}},"16":{"start":{"line":31,"column":10},"end":{"line":31,"column":27}},"17":{"start":{"line":34,"column":8},"end":{"line":34,"column":59}},"18":{"start":{"line":39,"column":4},"end":{"line":39,"column":21}},"19":{"start":{"line":42,"column":2},"end":{"line":64,"column":4}}},"fnMap":{"0":{"name":"(anonymous_0)","decl":{"start":{"line":8,"column":14},"end":{"line":8,"column":15}},"loc":{"start":{"line":8,"column":20},"end":{"line":65,"column":1}},"line":8},"1":{"name":"(anonymous_1)","decl":{"start":{"line":13,"column":12},"end":{"line":13,"column":13}},"loc":{"start":{"line":13,"column":18},"end":{"line":40,"column":3}},"line":13},"2":{"name":"(anonymous_2)","decl":{"start":{"line":14,"column":27},"end":{"line":14,"column":28}},"loc":{"start":{"line":14,"column":39},"end":{"line":37,"column":5}},"line":14}},"branchMap":{"0":{"loc":{"start":{"line":19,"column":8},"end":{"line":24,"column":9}},"type":"if","locations":[{"start":{"line":19,"column":8},"end":{"line":24,"column":9}},{"start":{},"end":{}}],"line":19},"1":{"loc":{"start":{"line":26,"column":8},"end":{"line":32,"column":9}},"type":"if","locations":[{"start":{"line":26,"column":8},"end":{"line":32,"column":9}},{"start":{"line":29,"column":15},"end":{"line":32,"column":9}}],"line":26},"2":{"loc":{"start":{"line":50,"column":9},"end":{"line":61,"column":9}},"type":"cond-expr","locations":[{"start":{"line":51,"column":10},"end":{"line":58,"column":13}},{"start":{"line":60,"column":10},"end":{"line":60,"column":33}}],"line":50}},"s":{"0":1,"1":7,"2":7,"3":7,"4":7,"5":6,"6":6,"7":6,"8":5,"9":1,"10":1,"11":4,"12":4,"13":4,"14":4,"15":0,"16":0,"17":1,"18":6,"19":7},"f":{"0":7,"1":6,"2":6},"b":{"0":[1,4],"1":[4,0],"2":[7,0]},"_coverageSchema":"1a1c01bbd47fc00a2c39e90264f33305004495a9","hash":"706d6e53b71db03e6f19c3f8b89d6f0a3982618e"}
}
