{"/app/src/components/dashboard/GameLibrary.tsx": {"path":"/app/src/components/dashboard/GameLibrary.tsx","statementMap":{"0":{"start":{"line":28,"column":28},"end":{"line":39,"column":2}},"1":{"start":{"line":28,"column":61},"end":{"line":39,"column":1}},"2":{"start":{"line":42,"column":27},"end":{"line":176,"column":1}},"3":{"start":{"line":43,"column":38},"end":{"line":43,"column":50}},"4":{"start":{"line":44,"column":38},"end":{"line":44,"column":63}},"5":{"start":{"line":45,"column":56},"end":{"line":45,"column":80}},"6":{"start":{"line":46,"column":48},"end":{"line":46,"column":77}},"7":{"start":{"line":48,"column":2},"end":{"line":75,"column":16}},"8":{"start":{"line":49,"column":4},"end":{"line":74,"column":5}},"9":{"start":{"line":50,"column":30},"end":{"line":68,"column":7}},"10":{"start":{"line":51,"column":8},"end":{"line":51,"column":37}},"11":{"start":{"line":52,"column":8},"end":{"line":52,"column":33}},"12":{"start":{"line":53,"column":8},"end":{"line":53,"column":26}},"13":{"start":{"line":54,"column":8},"end":{"line":67,"column":9}},"14":{"start":{"line":55,"column":27},"end":{"line":55,"column":74}},"15":{"start":{"line":56,"column":10},"end":{"line":59,"column":11}},"16":{"start":{"line":57,"column":30},"end":{"line":57,"column":51}},"17":{"start":{"line":58,"column":12},"end":{"line":58,"column":76}},"18":{"start":{"line":60,"column":36},"end":{"line":60,"column":57}},"19":{"start":{"line":61,"column":10},"end":{"line":61,"column":30}},"20":{"start":{"line":63,"column":10},"end":{"line":63,"column":97}},"21":{"start":{"line":64,"column":10},"end":{"line":64,"column":29}},"22":{"start":{"line":66,"column":10},"end":{"line":66,"column":40}},"23":{"start":{"line":69,"column":6},"end":{"line":69,"column":24}},"24":{"start":{"line":72,"column":6},"end":{"line":72,"column":24}},"25":{"start":{"line":73,"column":6},"end":{"line":73,"column":31}},"26":{"start":{"line":77,"column":19},"end":{"line":80,"column":3}},"27":{"start":{"line":82,"column":44},"end":{"line":85,"column":3}},"28":{"start":{"line":84,"column":58},"end":{"line":84,"column":70}},"29":{"start":{"line":87,"column":24},"end":{"line":91,"column":4}},"30":{"start":{"line":88,"column":28},"end":{"line":88,"column":92}},"31":{"start":{"line":89,"column":26},"end":{"line":89,"column":85}},"32":{"start":{"line":90,"column":4},"end":{"line":90,"column":44}},"33":{"start":{"line":93,"column":26},"end":{"line":100,"column":81}},"34":{"start":{"line":95,"column":65},"end":{"line":99,"column":5}},"35":{"start":{"line":98,"column":37},"end":{"line":98,"column":58}},"36":{"start":{"line":100,"column":16},"end":{"line":100,"column":80}},"37":{"start":{"line":102,"column":2},"end":{"line":175,"column":4}},"38":{"start":{"line":107,"column":12},"end":{"line":117,"column":21}},"39":{"start":{"line":110,"column":29},"end":{"line":110,"column":57}},"40":{"start":{"line":126,"column":29},"end":{"line":126,"column":58}},"41":{"start":{"line":159,"column":10},"end":{"line":159,"column":48}}},"fnMap":{"0":{"name":"(anonymous_0)","decl":{"start":{"line":28,"column":28},"end":{"line":28,"column":29}},"loc":{"start":{"line":28,"column":61},"end":{"line":39,"column":1}},"line":28},"1":{"name":"(anonymous_1)","decl":{"start":{"line":42,"column":27},"end":{"line":42,"column":28}},"loc":{"start":{"line":42,"column":105},"end":{"line":176,"column":1}},"line":42},"2":{"name":"(anonymous_2)","decl":{"start":{"line":48,"column":12},"end":{"line":48,"column":13}},"loc":{"start":{"line":48,"column":18},"end":{"line":75,"column":3}},"line":48},"3":{"name":"(anonymous_3)","decl":{"start":{"line":50,"column":30},"end":{"line":50,"column":31}},"loc":{"start":{"line":50,"column":42},"end":{"line":68,"column":7}},"line":50},"4":{"name":"(anonymous_4)","decl":{"start":{"line":84,"column":52},"end":{"line":84,"column":53}},"loc":{"start":{"line":84,"column":58},"end":{"line":84,"column":70}},"line":84},"5":{"name":"(anonymous_5)","decl":{"start":{"line":87,"column":40},"end":{"line":87,"column":41}},"loc":{"start":{"line":87,"column":48},"end":{"line":91,"column":3}},"line":87},"6":{"name":"(anonymous_6)","decl":{"start":{"line":95,"column":47},"end":{"line":95,"column":48}},"loc":{"start":{"line":95,"column":65},"end":{"line":99,"column":5}},"line":95},"7":{"name":"(anonymous_7)","decl":{"start":{"line":98,"column":29},"end":{"line":98,"column":30}},"loc":{"start":{"line":98,"column":37},"end":{"line":98,"column":58}},"line":98},"8":{"name":"(anonymous_8)","decl":{"start":{"line":100,"column":11},"end":{"line":100,"column":12}},"loc":{"start":{"line":100,"column":16},"end":{"line":100,"column":80}},"line":100},"9":{"name":"(anonymous_9)","decl":{"start":{"line":106,"column":31},"end":{"line":106,"column":32}},"loc":{"start":{"line":107,"column":12},"end":{"line":117,"column":21}},"line":107},"10":{"name":"(anonymous_10)","decl":{"start":{"line":110,"column":23},"end":{"line":110,"column":24}},"loc":{"start":{"line":110,"column":29},"end":{"line":110,"column":57}},"line":110},"11":{"name":"(anonymous_11)","decl":{"start":{"line":126,"column":22},"end":{"line":126,"column":23}},"loc":{"start":{"line":126,"column":29},"end":{"line":126,"column":58}},"line":126},"12":{"name":"(anonymous_12)","decl":{"start":{"line":158,"column":27},"end":{"line":158,"column":28}},"loc":{"start":{"line":159,"column":10},"end":{"line":159,"column":48}},"line":159}},"branchMap":{"0":{"loc":{"start":{"line":49,"column":4},"end":{"line":74,"column":5}},"type":"if","locations":[{"start":{"line":49,"column":4},"end":{"line":74,"column":5}},{"start":{"line":70,"column":11},"end":{"line":74,"column":5}}],"line":49},"1":{"loc":{"start":{"line":56,"column":10},"end":{"line":59,"column":11}},"type":"if","locations":[{"start":{"line":56,"column":10},"end":{"line":59,"column":11}},{"start":{},"end":{}}],"line":56},"2":{"loc":{"start":{"line":58,"column":28},"end":{"line":58,"column":74}},"type":"binary-expr","locations":[{"start":{"line":58,"column":28},"end":{"line":58,"column":43}},{"start":{"line":58,"column":47},"end":{"line":58,"column":74}}],"line":58},"3":{"loc":{"start":{"line":63,"column":29},"end":{"line":63,"column":95}},"type":"cond-expr","locations":[{"start":{"line":63,"column":52},"end":{"line":63,"column":63}},{"start":{"line":63,"column":66},"end":{"line":63,"column":95}}],"line":63},"4":{"loc":{"start":{"line":88,"column":28},"end":{"line":88,"column":92}},"type":"binary-expr","locations":[{"start":{"line":88,"column":28},"end":{"line":88,"column":54}},{"start":{"line":88,"column":58},"end":{"line":88,"column":92}}],"line":88},"5":{"loc":{"start":{"line":90,"column":11},"end":{"line":90,"column":43}},"type":"binary-expr","locations":[{"start":{"line":90,"column":11},"end":{"line":90,"column":26}},{"start":{"line":90,"column":30},"end":{"line":90,"column":43}}],"line":90},"6":{"loc":{"start":{"line":100,"column":16},"end":{"line":100,"column":80}},"type":"binary-expr","locations":[{"start":{"line":100,"column":16},"end":{"line":100,"column":27}},{"start":{"line":100,"column":31},"end":{"line":100,"column":46}},{"start":{"line":100,"column":51},"end":{"line":100,"column":68}},{"start":{"line":100,"column":72},"end":{"line":100,"column":79}}],"line":100},"7":{"loc":{"start":{"line":109,"column":23},"end":{"line":109,"column":78}},"type":"cond-expr","locations":[{"start":{"line":109,"column":57},"end":{"line":109,"column":66}},{"start":{"line":109,"column":69},"end":{"line":109,"column":78}}],"line":109},"8":{"loc":{"start":{"line":132,"column":7},"end":{"line":139,"column":7}},"type":"binary-expr","locations":[{"start":{"line":132,"column":7},"end":{"line":132,"column":26}},{"start":{"line":133,"column":8},"end":{"line":138,"column":15}}],"line":132},"9":{"loc":{"start":{"line":140,"column":7},"end":{"line":155,"column":7}},"type":"binary-expr","locations":[{"start":{"line":140,"column":7},"end":{"line":140,"column":22}},{"start":{"line":140,"column":26},"end":{"line":140,"column":46}},{"start":{"line":141,"column":8},"end":{"line":154,"column":15}}],"line":140},"10":{"loc":{"start":{"line":163,"column":7},"end":{"line":173,"column":7}},"type":"binary-expr","locations":[{"start":{"line":163,"column":7},"end":{"line":163,"column":33}},{"start":{"line":163,"column":37},"end":{"line":163,"column":57}},{"start":{"line":164,"column":8},"end":{"line":172,"column":15}}],"line":163},"11":{"loc":{"start":{"line":169,"column":15},"end":{"line":169,"column":177}},"type":"cond-expr","locations":[{"start":{"line":169,"column":77},"end":{"line":169,"column":127}},{"start":{"line":169,"column":130},"end":{"line":169,"column":177}}],"line":169},"12":{"loc":{"start":{"line":169,"column":15},"end":{"line":169,"column":74}},"type":"binary-expr","locations":[{"start":{"line":169,"column":15},"end":{"line":169,"column":43}},{"start":{"line":169,"column":47},"end":{"line":169,"column":54}},{"start":{"line":169,"column":58},"end":{"line":169,"column":74}}],"line":169}},"s":{"0":1,"1":2,"2":1,"3":11,"4":11,"5":11,"6":11,"7":11,"8":4,"9":3,"10":3,"11":3,"12":3,"13":3,"14":3,"15":3,"16":1,"17":1,"18":2,"19":2,"20":1,"21":1,"22":3,"23":3,"24":1,"25":1,"26":11,"27":11,"28":0,"29":11,"30":18,"31":18,"32":18,"33":11,"34":44,"35":72,"36":55,"37":11,"38":28,"39":0,"40":0,"41":18},"f":{"0":2,"1":11,"2":4,"3":3,"4":0,"5":18,"6":44,"7":72,"8":55,"9":28,"10":0,"11":0,"12":18},"b":{"0":[3,1],"1":[1,2],"2":[1,0],"3":[1,0],"4":[18,0],"5":[18,18],"6":[55,38,35,10],"7":[11,17],"8":[11,3],"9":[11,1,1],"10":[11,3,2],"11":[0,2],"12":[2,0,0]},"_coverageSchema":"1a1c01bbd47fc00a2c39e90264f33305004495a9","hash":"93a1fe20e381c19690c370a89df9a86778e040b1"}
,"/app/src/components/dashboard/PlatformConnections.tsx": {"path":"/app/src/components/dashboard/PlatformConnections.tsx","statementMap":{"0":{"start":{"line":22,"column":30},"end":{"line":63,"column":1}},"1":{"start":{"line":71,"column":35},"end":{"line":312,"column":1}},"2":{"start":{"line":72,"column":50},"end":{"line":72,"column":81}},"3":{"start":{"line":73,"column":40},"end":{"line":73,"column":76}},"4":{"start":{"line":74,"column":36},"end":{"line":74,"column":72}},"5":{"start":{"line":75,"column":52},"end":{"line":75,"column":81}},"6":{"start":{"line":76,"column":52},"end":{"line":76,"column":76}},"7":{"start":{"line":77,"column":46},"end":{"line":77,"column":77}},"8":{"start":{"line":79,"column":24},"end":{"line":87,"column":3}},"9":{"start":{"line":80,"column":4},"end":{"line":80,"column":34}},"10":{"start":{"line":81,"column":4},"end":{"line":81,"column":23}},"11":{"start":{"line":82,"column":4},"end":{"line":86,"column":5}},"12":{"start":{"line":83,"column":6},"end":{"line":83,"column":33}},"13":{"start":{"line":89,"column":29},"end":{"line":115,"column":3}},"14":{"start":{"line":90,"column":4},"end":{"line":93,"column":5}},"15":{"start":{"line":91,"column":6},"end":{"line":91,"column":58}},"16":{"start":{"line":92,"column":6},"end":{"line":92,"column":13}},"17":{"start":{"line":94,"column":4},"end":{"line":94,"column":31}},"18":{"start":{"line":95,"column":4},"end":{"line":95,"column":31}},"19":{"start":{"line":96,"column":4},"end":{"line":96,"column":23}},"20":{"start":{"line":97,"column":4},"end":{"line":114,"column":5}},"21":{"start":{"line":98,"column":23},"end":{"line":98,"column":80}},"22":{"start":{"line":99,"column":6},"end":{"line":102,"column":7}},"23":{"start":{"line":100,"column":26},"end":{"line":100,"column":47}},"24":{"start":{"line":101,"column":8},"end":{"line":101,"column":72}},"25":{"start":{"line":103,"column":34},"end":{"line":103,"column":55}},"26":{"start":{"line":104,"column":6},"end":{"line":104,"column":25}},"27":{"start":{"line":106,"column":6},"end":{"line":106,"column":113}},"28":{"start":{"line":106,"column":41},"end":{"line":106,"column":111}},"29":{"start":{"line":106,"column":64},"end":{"line":106,"column":110}},"30":{"start":{"line":107,"column":6},"end":{"line":107,"column":32}},"31":{"start":{"line":109,"column":6},"end":{"line":109,"column":99}},"32":{"start":{"line":110,"column":6},"end":{"line":110,"column":25}},"33":{"start":{"line":111,"column":6},"end":{"line":111,"column":114}},"34":{"start":{"line":111,"column":41},"end":{"line":111,"column":112}},"35":{"start":{"line":111,"column":64},"end":{"line":111,"column":111}},"36":{"start":{"line":113,"column":6},"end":{"line":113,"column":34}},"37":{"start":{"line":117,"column":32},"end":{"line":128,"column":3}},"38":{"start":{"line":118,"column":4},"end":{"line":127,"column":5}},"39":{"start":{"line":119,"column":6},"end":{"line":119,"column":27}},"40":{"start":{"line":122,"column":6},"end":{"line":122,"column":81}},"41":{"start":{"line":125,"column":6},"end":{"line":125,"column":32}},"42":{"start":{"line":126,"column":6},"end":{"line":126,"column":25}},"43":{"start":{"line":131,"column":2},"end":{"line":135,"column":18}},"44":{"start":{"line":132,"column":4},"end":{"line":134,"column":5}},"45":{"start":{"line":133,"column":6},"end":{"line":133,"column":113}},"46":{"start":{"line":133,"column":41},"end":{"line":133,"column":111}},"47":{"start":{"line":133,"column":64},"end":{"line":133,"column":110}},"48":{"start":{"line":137,"column":2},"end":{"line":311,"column":4}},"49":{"start":{"line":149,"column":10},"end":{"line":264,"column":17}},"50":{"start":{"line":177,"column":20},"end":{"line":180,"column":25}},"51":{"start":{"line":189,"column":37},"end":{"line":189,"column":60}},"52":{"start":{"line":226,"column":24},"end":{"line":238,"column":30}},"53":{"start":{"line":234,"column":30},"end":{"line":234,"column":102}},"54":{"start":{"line":234,"column":54},"end":{"line":234,"column":99}},"55":{"start":{"line":235,"column":30},"end":{"line":235,"column":86}},"56":{"start":{"line":235,"column":59},"end":{"line":235,"column":86}},"57":{"start":{"line":284,"column":40},"end":{"line":284,"column":51}},"58":{"start":{"line":285,"column":14},"end":{"line":302,"column":20}},"59":{"start":{"line":304,"column":41},"end":{"line":304,"column":53}}},"fnMap":{"0":{"name":"(anonymous_0)","decl":{"start":{"line":71,"column":35},"end":{"line":71,"column":36}},"loc":{"start":{"line":71,"column":41},"end":{"line":312,"column":1}},"line":71},"1":{"name":"(anonymous_1)","decl":{"start":{"line":79,"column":24},"end":{"line":79,"column":25}},"loc":{"start":{"line":79,"column":48},"end":{"line":87,"column":3}},"line":79},"2":{"name":"(anonymous_2)","decl":{"start":{"line":89,"column":29},"end":{"line":89,"column":30}},"loc":{"start":{"line":89,"column":41},"end":{"line":115,"column":3}},"line":89},"3":{"name":"(anonymous_3)","decl":{"start":{"line":106,"column":24},"end":{"line":106,"column":25}},"loc":{"start":{"line":106,"column":41},"end":{"line":106,"column":111}},"line":106},"4":{"name":"(anonymous_4)","decl":{"start":{"line":106,"column":59},"end":{"line":106,"column":60}},"loc":{"start":{"line":106,"column":64},"end":{"line":106,"column":110}},"line":106},"5":{"name":"(anonymous_5)","decl":{"start":{"line":111,"column":24},"end":{"line":111,"column":25}},"loc":{"start":{"line":111,"column":41},"end":{"line":111,"column":112}},"line":111},"6":{"name":"(anonymous_6)","decl":{"start":{"line":111,"column":59},"end":{"line":111,"column":60}},"loc":{"start":{"line":111,"column":64},"end":{"line":111,"column":111}},"line":111},"7":{"name":"(anonymous_7)","decl":{"start":{"line":117,"column":32},"end":{"line":117,"column":33}},"loc":{"start":{"line":117,"column":38},"end":{"line":128,"column":3}},"line":117},"8":{"name":"(anonymous_8)","decl":{"start":{"line":131,"column":12},"end":{"line":131,"column":13}},"loc":{"start":{"line":131,"column":18},"end":{"line":135,"column":3}},"line":131},"9":{"name":"(anonymous_9)","decl":{"start":{"line":133,"column":24},"end":{"line":133,"column":25}},"loc":{"start":{"line":133,"column":41},"end":{"line":133,"column":111}},"line":133},"10":{"name":"(anonymous_10)","decl":{"start":{"line":133,"column":59},"end":{"line":133,"column":60}},"loc":{"start":{"line":133,"column":64},"end":{"line":133,"column":110}},"line":133},"11":{"name":"(anonymous_11)","decl":{"start":{"line":148,"column":28},"end":{"line":148,"column":29}},"loc":{"start":{"line":149,"column":10},"end":{"line":264,"column":17}},"line":149},"12":{"name":"(anonymous_12)","decl":{"start":{"line":176,"column":52},"end":{"line":176,"column":53}},"loc":{"start":{"line":177,"column":20},"end":{"line":180,"column":25}},"line":177},"13":{"name":"(anonymous_13)","decl":{"start":{"line":189,"column":31},"end":{"line":189,"column":32}},"loc":{"start":{"line":189,"column":37},"end":{"line":189,"column":60}},"line":189},"14":{"name":"(anonymous_14)","decl":{"start":{"line":225,"column":56},"end":{"line":225,"column":57}},"loc":{"start":{"line":226,"column":24},"end":{"line":238,"column":30}},"line":226},"15":{"name":"(anonymous_15)","decl":{"start":{"line":233,"column":38},"end":{"line":233,"column":39}},"loc":{"start":{"line":233,"column":45},"end":{"line":236,"column":29}},"line":233},"16":{"name":"(anonymous_16)","decl":{"start":{"line":234,"column":45},"end":{"line":234,"column":46}},"loc":{"start":{"line":234,"column":54},"end":{"line":234,"column":99}},"line":234},"17":{"name":"(anonymous_17)","decl":{"start":{"line":284,"column":35},"end":{"line":284,"column":36}},"loc":{"start":{"line":284,"column":40},"end":{"line":284,"column":51}},"line":284},"18":{"name":"(anonymous_18)","decl":{"start":{"line":284,"column":57},"end":{"line":284,"column":58}},"loc":{"start":{"line":285,"column":14},"end":{"line":302,"column":20}},"line":285},"19":{"name":"(anonymous_19)","decl":{"start":{"line":304,"column":36},"end":{"line":304,"column":37}},"loc":{"start":{"line":304,"column":41},"end":{"line":304,"column":53}},"line":304}},"branchMap":{"0":{"loc":{"start":{"line":82,"column":4},"end":{"line":86,"column":5}},"type":"if","locations":[{"start":{"line":82,"column":4},"end":{"line":86,"column":5}},{"start":{},"end":{}}],"line":82},"1":{"loc":{"start":{"line":90,"column":4},"end":{"line":93,"column":5}},"type":"if","locations":[{"start":{"line":90,"column":4},"end":{"line":93,"column":5}},{"start":{},"end":{}}],"line":90},"2":{"loc":{"start":{"line":99,"column":6},"end":{"line":102,"column":7}},"type":"if","locations":[{"start":{"line":99,"column":6},"end":{"line":102,"column":7}},{"start":{},"end":{}}],"line":99},"3":{"loc":{"start":{"line":101,"column":24},"end":{"line":101,"column":70}},"type":"binary-expr","locations":[{"start":{"line":101,"column":24},"end":{"line":101,"column":39}},{"start":{"line":101,"column":43},"end":{"line":101,"column":70}}],"line":101},"4":{"loc":{"start":{"line":106,"column":64},"end":{"line":106,"column":110}},"type":"cond-expr","locations":[{"start":{"line":106,"column":83},"end":{"line":106,"column":106}},{"start":{"line":106,"column":109},"end":{"line":106,"column":110}}],"line":106},"5":{"loc":{"start":{"line":109,"column":27},"end":{"line":109,"column":97}},"type":"cond-expr","locations":[{"start":{"line":109,"column":50},"end":{"line":109,"column":61}},{"start":{"line":109,"column":64},"end":{"line":109,"column":97}}],"line":109},"6":{"loc":{"start":{"line":111,"column":64},"end":{"line":111,"column":111}},"type":"cond-expr","locations":[{"start":{"line":111,"column":83},"end":{"line":111,"column":107}},{"start":{"line":111,"column":110},"end":{"line":111,"column":111}}],"line":111},"7":{"loc":{"start":{"line":118,"column":4},"end":{"line":127,"column":5}},"type":"if","locations":[{"start":{"line":118,"column":4},"end":{"line":127,"column":5}},{"start":{"line":120,"column":11},"end":{"line":127,"column":5}}],"line":118},"8":{"loc":{"start":{"line":132,"column":4},"end":{"line":134,"column":5}},"type":"if","locations":[{"start":{"line":132,"column":4},"end":{"line":134,"column":5}},{"start":{},"end":{}}],"line":132},"9":{"loc":{"start":{"line":133,"column":64},"end":{"line":133,"column":110}},"type":"cond-expr","locations":[{"start":{"line":133,"column":83},"end":{"line":133,"column":106}},{"start":{"line":133,"column":109},"end":{"line":133,"column":110}}],"line":133},"10":{"loc":{"start":{"line":157,"column":23},"end":{"line":161,"column":23}},"type":"cond-expr","locations":[{"start":{"line":158,"column":24},"end":{"line":158,"column":74}},{"start":{"line":160,"column":24},"end":{"line":160,"column":68}}],"line":157},"11":{"loc":{"start":{"line":163,"column":36},"end":{"line":163,"column":80}},"type":"cond-expr","locations":[{"start":{"line":163,"column":57},"end":{"line":163,"column":66}},{"start":{"line":163,"column":69},"end":{"line":163,"column":80}}],"line":163},"12":{"loc":{"start":{"line":164,"column":23},"end":{"line":164,"column":73}},"type":"cond-expr","locations":[{"start":{"line":164,"column":44},"end":{"line":164,"column":55}},{"start":{"line":164,"column":58},"end":{"line":164,"column":73}}],"line":164},"13":{"loc":{"start":{"line":190,"column":31},"end":{"line":190,"column":73}},"type":"cond-expr","locations":[{"start":{"line":190,"column":52},"end":{"line":190,"column":61}},{"start":{"line":190,"column":64},"end":{"line":190,"column":73}}],"line":190},"14":{"loc":{"start":{"line":194,"column":23},"end":{"line":194,"column":69}},"type":"cond-expr","locations":[{"start":{"line":194,"column":44},"end":{"line":194,"column":57}},{"start":{"line":194,"column":60},"end":{"line":194,"column":69}}],"line":194},"15":{"loc":{"start":{"line":202,"column":25},"end":{"line":204,"column":134}},"type":"cond-expr","locations":[{"start":{"line":203,"column":26},"end":{"line":203,"column":114}},{"start":{"line":204,"column":26},"end":{"line":204,"column":134}}],"line":202},"16":{"loc":{"start":{"line":202,"column":25},"end":{"line":202,"column":61}},"type":"binary-expr","locations":[{"start":{"line":202,"column":25},"end":{"line":202,"column":48}},{"start":{"line":202,"column":52},"end":{"line":202,"column":61}}],"line":202},"17":{"loc":{"start":{"line":204,"column":57},"end":{"line":204,"column":107}},"type":"cond-expr","locations":[{"start":{"line":204,"column":83},"end":{"line":204,"column":87}},{"start":{"line":204,"column":90},"end":{"line":204,"column":107}}],"line":204},"18":{"loc":{"start":{"line":210,"column":23},"end":{"line":212,"column":23}},"type":"binary-expr","locations":[{"start":{"line":210,"column":23},"end":{"line":210,"column":46}},{"start":{"line":210,"column":50},"end":{"line":210,"column":67}},{"start":{"line":211,"column":24},"end":{"line":211,"column":106}}],"line":210},"19":{"loc":{"start":{"line":213,"column":23},"end":{"line":224,"column":23}},"type":"binary-expr","locations":[{"start":{"line":213,"column":23},"end":{"line":213,"column":46}},{"start":{"line":213,"column":50},"end":{"line":213,"column":59}},{"start":{"line":213,"column":63},"end":{"line":213,"column":81}},{"start":{"line":214,"column":25},"end":{"line":223,"column":31}}],"line":213},"20":{"loc":{"start":{"line":230,"column":34},"end":{"line":230,"column":79}},"type":"cond-expr","locations":[{"start":{"line":230,"column":60},"end":{"line":230,"column":66}},{"start":{"line":230,"column":69},"end":{"line":230,"column":79}}],"line":230},"21":{"loc":{"start":{"line":232,"column":35},"end":{"line":232,"column":68}},"type":"binary-expr","locations":[{"start":{"line":232,"column":35},"end":{"line":232,"column":62}},{"start":{"line":232,"column":66},"end":{"line":232,"column":68}}],"line":232},"22":{"loc":{"start":{"line":235,"column":30},"end":{"line":235,"column":86}},"type":"if","locations":[{"start":{"line":235,"column":30},"end":{"line":235,"column":86}},{"start":{},"end":{}}],"line":235},"23":{"loc":{"start":{"line":245,"column":36},"end":{"line":245,"column":80}},"type":"binary-expr","locations":[{"start":{"line":245,"column":36},"end":{"line":245,"column":59}},{"start":{"line":245,"column":63},"end":{"line":245,"column":80}}],"line":245},"24":{"loc":{"start":{"line":247,"column":27},"end":{"line":247,"column":108}},"type":"cond-expr","locations":[{"start":{"line":247,"column":74},"end":{"line":247,"column":89}},{"start":{"line":247,"column":92},"end":{"line":247,"column":108}}],"line":247},"25":{"loc":{"start":{"line":247,"column":27},"end":{"line":247,"column":71}},"type":"binary-expr","locations":[{"start":{"line":247,"column":27},"end":{"line":247,"column":50}},{"start":{"line":247,"column":54},"end":{"line":247,"column":71}}],"line":247},"26":{"loc":{"start":{"line":296,"column":17},"end":{"line":301,"column":17}},"type":"binary-expr","locations":[{"start":{"line":296,"column":17},"end":{"line":296,"column":40}},{"start":{"line":296,"column":44},"end":{"line":296,"column":53}},{"start":{"line":297,"column":18},"end":{"line":300,"column":24}}],"line":296},"27":{"loc":{"start":{"line":304,"column":14},"end":{"line":306,"column":13}},"type":"binary-expr","locations":[{"start":{"line":304,"column":14},"end":{"line":304,"column":87}},{"start":{"line":305,"column":14},"end":{"line":305,"column":96}}],"line":304}},"s":{"0":1,"1":1,"2":11,"3":11,"4":11,"5":11,"6":11,"7":11,"8":11,"9":2,"10":2,"11":2,"12":2,"13":11,"14":2,"15":0,"16":0,"17":2,"18":2,"19":2,"20":2,"21":2,"22":2,"23":1,"24":1,"25":1,"26":1,"27":1,"28":1,"29":4,"30":1,"31":1,"32":1,"33":1,"34":1,"35":4,"36":2,"37":11,"38":2,"39":2,"40":0,"41":0,"42":0,"43":11,"44":3,"45":1,"46":1,"47":4,"48":11,"49":44,"50":88,"51":2,"52":88,"53":2,"54":2,"55":2,"56":2,"57":44,"58":13,"59":44},"f":{"0":11,"1":2,"2":2,"3":1,"4":4,"5":1,"6":4,"7":2,"8":3,"9":1,"10":4,"11":44,"12":88,"13":2,"14":88,"15":2,"16":2,"17":44,"18":13,"19":44},"b":{"0":[2,0],"1":[0,2],"2":[1,1],"3":[1,0],"4":[1,3],"5":[1,0],"6":[1,3],"7":[2,0],"8":[1,2],"9":[1,3],"10":[13,31],"11":[13,31],"12":[13,31],"13":[13,31],"14":[13,31],"15":[2,42],"16":[44,11],"17":[9,33],"18":[44,11,1],"19":[44,11,2,2],"20":[11,77],"21":[88,81],"22":[2,0],"23":[44,11],"24":[2,42],"25":[44,11],"26":[13,2,2],"27":[11,0]},"_coverageSchema":"1a1c01bbd47fc00a2c39e90264f33305004495a9","hash":"69deec7cd6d4b93bf6e82c23e3b42a85a5d73f53"}
,"/app/src/components/ui/badge.tsx": {"path":"/app/src/components/ui/badge.tsx","statementMap":{"0":{"start":{"line":7,"column":22},"end":{"line":25,"column":1}},"1":{"start":{"line":32,"column":2},"end":{"line":34,"column":3}}},"fnMap":{"0":{"name":"Badge","decl":{"start":{"line":31,"column":9},"end":{"line":31,"column":14}},"loc":{"start":{"line":31,"column":61},"end":{"line":35,"column":1}},"line":31}},"branchMap":{},"s":{"0":2,"1":72},"f":{"0":72},"b":{},"_coverageSchema":"1a1c01bbd47fc00a2c39e90264f33305004495a9","hash":"60055fb31abfa87d97f0f0ff147c233b2065b795"}
,"/app/src/components/ui/button.tsx": {"path":"/app/src/components/ui/button.tsx","statementMap":{"0":{"start":{"line":7,"column":23},"end":{"line":34,"column":1}},"1":{"start":{"line":42,"column":15},"end":{"line":53,"column":1}},"2":{"start":{"line":44,"column":17},"end":{"line":44,"column":42}},"3":{"start":{"line":45,"column":4},"end":{"line":51,"column":5}},"4":{"start":{"line":54,"column":0},"end":{"line":54,"column":29}}},"fnMap":{"0":{"name":"(anonymous_0)","decl":{"start":{"line":43,"column":2},"end":{"line":43,"column":3}},"loc":{"start":{"line":43,"column":68},"end":{"line":52,"column":3}},"line":43}},"branchMap":{"0":{"loc":{"start":{"line":43,"column":31},"end":{"line":43,"column":46}},"type":"default-arg","locations":[{"start":{"line":43,"column":41},"end":{"line":43,"column":46}}],"line":43},"1":{"loc":{"start":{"line":44,"column":17},"end":{"line":44,"column":42}},"type":"cond-expr","locations":[{"start":{"line":44,"column":27},"end":{"line":44,"column":31}},{"start":{"line":44,"column":34},"end":{"line":44,"column":42}}],"line":44}},"s":{"0":2,"1":2,"2":134,"3":134,"4":2},"f":{"0":134},"b":{"0":[90],"1":[44,90]},"_coverageSchema":"1a1c01bbd47fc00a2c39e90264f33305004495a9","hash":"2a43c3f4435ea272a9692e6fdfb60803eed7e78c"}
,"/app/src/components/ui/card.tsx": {"path":"/app/src/components/ui/card.tsx","statementMap":{"0":{"start":{"line":5,"column":13},"end":{"line":17,"column":2}},"1":{"start":{"line":9,"column":2},"end":{"line":16,"column":4}},"2":{"start":{"line":18,"column":0},"end":{"line":18,"column":25}},"3":{"start":{"line":20,"column":19},"end":{"line":29,"column":2}},"4":{"start":{"line":24,"column":2},"end":{"line":28,"column":4}},"5":{"start":{"line":30,"column":0},"end":{"line":30,"column":37}},"6":{"start":{"line":32,"column":18},"end":{"line":44,"column":2}},"7":{"start":{"line":36,"column":2},"end":{"line":43,"column":4}},"8":{"start":{"line":45,"column":0},"end":{"line":45,"column":35}},"9":{"start":{"line":47,"column":24},"end":{"line":56,"column":2}},"10":{"start":{"line":51,"column":2},"end":{"line":55,"column":4}},"11":{"start":{"line":57,"column":0},"end":{"line":57,"column":47}},"12":{"start":{"line":59,"column":20},"end":{"line":64,"column":2}},"13":{"start":{"line":63,"column":2},"end":{"line":63,"column":68}},"14":{"start":{"line":65,"column":0},"end":{"line":65,"column":39}},"15":{"start":{"line":67,"column":19},"end":{"line":76,"column":2}},"16":{"start":{"line":71,"column":2},"end":{"line":75,"column":4}},"17":{"start":{"line":77,"column":0},"end":{"line":77,"column":37}}},"fnMap":{"0":{"name":"(anonymous_0)","decl":{"start":{"line":8,"column":2},"end":{"line":8,"column":3}},"loc":{"start":{"line":9,"column":2},"end":{"line":16,"column":4}},"line":9},"1":{"name":"(anonymous_1)","decl":{"start":{"line":23,"column":2},"end":{"line":23,"column":3}},"loc":{"start":{"line":24,"column":2},"end":{"line":28,"column":4}},"line":24},"2":{"name":"(anonymous_2)","decl":{"start":{"line":35,"column":2},"end":{"line":35,"column":3}},"loc":{"start":{"line":36,"column":2},"end":{"line":43,"column":4}},"line":36},"3":{"name":"(anonymous_3)","decl":{"start":{"line":50,"column":2},"end":{"line":50,"column":3}},"loc":{"start":{"line":51,"column":2},"end":{"line":55,"column":4}},"line":51},"4":{"name":"(anonymous_4)","decl":{"start":{"line":62,"column":2},"end":{"line":62,"column":3}},"loc":{"start":{"line":63,"column":2},"end":{"line":63,"column":68}},"line":63},"5":{"name":"(anonymous_5)","decl":{"start":{"line":70,"column":2},"end":{"line":70,"column":3}},"loc":{"start":{"line":71,"column":2},"end":{"line":75,"column":4}},"line":71}},"branchMap":{},"s":{"0":2,"1":61,"2":2,"3":2,"4":56,"5":2,"6":2,"7":56,"8":2,"9":2,"10":55,"11":2,"12":2,"13":61,"14":2,"15":2,"16":0,"17":2},"f":{"0":61,"1":56,"2":56,"3":55,"4":61,"5":0},"b":{},"_coverageSchema":"1a1c01bbd47fc00a2c39e90264f33305004495a9","hash":"65dc15a09d5f3e91ea9614c4764bcb629d0faf58"}
,"/app/src/components/ui/dialog.tsx": {"path":"/app/src/components/ui/dialog.tsx","statementMap":{"0":{"start":{"line":7,"column":15},"end":{"line":7,"column":35}},"1":{"start":{"line":9,"column":22},"end":{"line":9,"column":45}},"2":{"start":{"line":11,"column":21},"end":{"line":11,"column":43}},"3":{"start":{"line":13,"column":20},"end":{"line":13,"column":41}},"4":{"start":{"line":15,"column":22},"end":{"line":27,"column":2}},"5":{"start":{"line":19,"column":2},"end":{"line":26,"column":4}},"6":{"start":{"line":28,"column":0},"end":{"line":28,"column":63}},"7":{"start":{"line":30,"column":22},"end":{"line":51,"column":2}},"8":{"start":{"line":34,"column":2},"end":{"line":50,"column":17}},"9":{"start":{"line":52,"column":0},"end":{"line":52,"column":63}},"10":{"start":{"line":54,"column":21},"end":{"line":65,"column":1}},"11":{"start":{"line":58,"column":2},"end":{"line":64,"column":4}},"12":{"start":{"line":66,"column":0},"end":{"line":66,"column":41}},"13":{"start":{"line":68,"column":21},"end":{"line":79,"column":1}},"14":{"start":{"line":72,"column":2},"end":{"line":78,"column":4}},"15":{"start":{"line":80,"column":0},"end":{"line":80,"column":41}},"16":{"start":{"line":82,"column":20},"end":{"line":94,"column":2}},"17":{"start":{"line":86,"column":2},"end":{"line":93,"column":4}},"18":{"start":{"line":95,"column":0},"end":{"line":95,"column":59}},"19":{"start":{"line":97,"column":26},"end":{"line":106,"column":2}},"20":{"start":{"line":101,"column":2},"end":{"line":105,"column":4}},"21":{"start":{"line":107,"column":0},"end":{"line":107,"column":71}}},"fnMap":{"0":{"name":"(anonymous_0)","decl":{"start":{"line":18,"column":2},"end":{"line":18,"column":3}},"loc":{"start":{"line":19,"column":2},"end":{"line":26,"column":4}},"line":19},"1":{"name":"(anonymous_1)","decl":{"start":{"line":33,"column":2},"end":{"line":33,"column":3}},"loc":{"start":{"line":34,"column":2},"end":{"line":50,"column":17}},"line":34},"2":{"name":"(anonymous_2)","decl":{"start":{"line":54,"column":21},"end":{"line":54,"column":22}},"loc":{"start":{"line":58,"column":2},"end":{"line":64,"column":4}},"line":58},"3":{"name":"(anonymous_3)","decl":{"start":{"line":68,"column":21},"end":{"line":68,"column":22}},"loc":{"start":{"line":72,"column":2},"end":{"line":78,"column":4}},"line":72},"4":{"name":"(anonymous_4)","decl":{"start":{"line":85,"column":2},"end":{"line":85,"column":3}},"loc":{"start":{"line":86,"column":2},"end":{"line":93,"column":4}},"line":86},"5":{"name":"(anonymous_5)","decl":{"start":{"line":100,"column":2},"end":{"line":100,"column":3}},"loc":{"start":{"line":101,"column":2},"end":{"line":105,"column":4}},"line":101}},"branchMap":{},"s":{"0":1,"1":1,"2":1,"3":1,"4":1,"5":11,"6":1,"7":1,"8":44,"9":1,"10":1,"11":9,"12":1,"13":1,"14":0,"15":1,"16":1,"17":9,"18":1,"19":1,"20":9,"21":1},"f":{"0":11,"1":44,"2":9,"3":0,"4":9,"5":9},"b":{},"_coverageSchema":"1a1c01bbd47fc00a2c39e90264f33305004495a9","hash":"ef51f8a73f6dde952dface4a6a258f7f360c0c68"}
,"/app/src/components/ui/input.tsx": {"path":"/app/src/components/ui/input.tsx","statementMap":{"0":{"start":{"line":5,"column":14},"end":{"line":19,"column":1}},"1":{"start":{"line":7,"column":4},"end":{"line":17,"column":5}},"2":{"start":{"line":20,"column":0},"end":{"line":20,"column":27}}},"fnMap":{"0":{"name":"(anonymous_0)","decl":{"start":{"line":6,"column":2},"end":{"line":6,"column":3}},"loc":{"start":{"line":6,"column":42},"end":{"line":18,"column":3}},"line":6}},"branchMap":{},"s":{"0":2,"1":20,"2":2},"f":{"0":20},"b":{},"_coverageSchema":"1a1c01bbd47fc00a2c39e90264f33305004495a9","hash":"2b9f28ba1c0e1f591620b5ec867b6e40ca6e9338"}
,"/app/src/components/ui/label.tsx": {"path":"/app/src/components/ui/label.tsx","statementMap":{"0":{"start":{"line":7,"column":22},"end":{"line":9,"column":1}},"1":{"start":{"line":11,"column":14},"end":{"line":21,"column":2}},"2":{"start":{"line":16,"column":2},"end":{"line":20,"column":4}},"3":{"start":{"line":22,"column":0},"end":{"line":22,"column":51}}},"fnMap":{"0":{"name":"(anonymous_0)","decl":{"start":{"line":15,"column":2},"end":{"line":15,"column":3}},"loc":{"start":{"line":16,"column":2},"end":{"line":20,"column":4}},"line":16}},"branchMap":{},"s":{"0":1,"1":1,"2":9,"3":1},"f":{"0":9},"b":{},"_coverageSchema":"1a1c01bbd47fc00a2c39e90264f33305004495a9","hash":"5ab74f540aa8b593ff87e694ae0ae38a3ff91a8d"}
,"/app/src/data/mockGameData.ts": {"path":"/app/src/data/mockGameData.ts","statementMap":{"0":{"start":{"line":18,"column":36},"end":{"line":91,"column":1}},"1":{"start":{"line":93,"column":28},"end":{"line":98,"column":1}}},"fnMap":{},"branchMap":{},"s":{"0":1,"1":1},"f":{},"b":{},"_coverageSchema":"1a1c01bbd47fc00a2c39e90264f33305004495a9","hash":"5a3a144963ce252a4ba076b400bff97012f010ce"}
,"/app/src/lib/utils.ts": {"path":"/app/src/lib/utils.ts","statementMap":{"0":{"start":{"line":5,"column":2},"end":{"line":5,"column":30}}},"fnMap":{"0":{"name":"cn","decl":{"start":{"line":4,"column":16},"end":{"line":4,"column":18}},"loc":{"start":{"line":4,"column":44},"end":{"line":6,"column":1}},"line":4}},"branchMap":{},"s":{"0":606},"f":{"0":606},"b":{},"_coverageSchema":"1a1c01bbd47fc00a2c39e90264f33305004495a9","hash":"90f5c763646049b37a84e9ca15075f44457e1a75"}
}
