TN:
SF:src/components/dashboard/GameLibrary.tsx
FN:28,(anonymous_0)
FN:42,(anonymous_1)
FN:48,(anonymous_2)
FN:50,(anonymous_3)
FN:84,(anonymous_4)
FN:87,(anonymous_5)
FN:95,(anonymous_6)
FN:98,(anonymous_7)
FN:100,(anonymous_8)
FN:106,(anonymous_9)
FN:110,(anonymous_10)
FN:126,(anonymous_11)
FN:158,(anonymous_12)
FNF:13
FNH:10
FNDA:2,(anonymous_0)
FNDA:11,(anonymous_1)
FNDA:4,(anonymous_2)
FNDA:3,(anonymous_3)
FNDA:0,(anonymous_4)
FNDA:18,(anonymous_5)
FNDA:44,(anonymous_6)
FNDA:72,(anonymous_7)
FNDA:55,(anonymous_8)
FNDA:28,(anonymous_9)
FNDA:0,(anonymous_10)
FNDA:0,(anonymous_11)
FNDA:18,(anonymous_12)
DA:28,2
DA:42,1
DA:43,11
DA:44,11
DA:45,11
DA:46,11
DA:48,11
DA:49,4
DA:50,3
DA:51,3
DA:52,3
DA:53,3
DA:54,3
DA:55,3
DA:56,3
DA:57,1
DA:58,1
DA:60,2
DA:61,2
DA:63,1
DA:64,1
DA:66,3
DA:69,3
DA:72,1
DA:73,1
DA:77,11
DA:82,11
DA:84,0
DA:87,11
DA:88,18
DA:89,18
DA:90,18
DA:93,11
DA:95,44
DA:98,72
DA:100,55
DA:102,11
DA:107,28
DA:110,0
DA:126,0
DA:159,18
LF:41
LH:38
BRDA:49,0,0,3
BRDA:49,0,1,1
BRDA:56,1,0,1
BRDA:56,1,1,2
BRDA:58,2,0,1
BRDA:58,2,1,0
BRDA:63,3,0,1
BRDA:63,3,1,0
BRDA:88,4,0,18
BRDA:88,4,1,0
BRDA:90,5,0,18
BRDA:90,5,1,18
BRDA:100,6,0,55
BRDA:100,6,1,38
BRDA:100,6,2,35
BRDA:100,6,3,10
BRDA:109,7,0,11
BRDA:109,7,1,17
BRDA:132,8,0,11
BRDA:132,8,1,3
BRDA:140,9,0,11
BRDA:140,9,1,1
BRDA:140,9,2,1
BRDA:163,10,0,11
BRDA:163,10,1,3
BRDA:163,10,2,2
BRDA:169,11,0,0
BRDA:169,11,1,2
BRDA:169,12,0,2
BRDA:169,12,1,0
BRDA:169,12,2,0
BRF:31
BRH:25
end_of_record
TN:
SF:src/components/dashboard/PlatformConnections.tsx
FN:71,(anonymous_0)
FN:79,(anonymous_1)
FN:89,(anonymous_2)
FN:106,(anonymous_3)
FN:106,(anonymous_4)
FN:111,(anonymous_5)
FN:111,(anonymous_6)
FN:117,(anonymous_7)
FN:131,(anonymous_8)
FN:133,(anonymous_9)
FN:133,(anonymous_10)
FN:148,(anonymous_11)
FN:176,(anonymous_12)
FN:189,(anonymous_13)
FN:225,(anonymous_14)
FN:233,(anonymous_15)
FN:234,(anonymous_16)
FN:284,(anonymous_17)
FN:284,(anonymous_18)
FN:304,(anonymous_19)
FNF:20
FNH:20
FNDA:11,(anonymous_0)
FNDA:2,(anonymous_1)
FNDA:2,(anonymous_2)
FNDA:1,(anonymous_3)
FNDA:4,(anonymous_4)
FNDA:1,(anonymous_5)
FNDA:4,(anonymous_6)
FNDA:2,(anonymous_7)
FNDA:3,(anonymous_8)
FNDA:1,(anonymous_9)
FNDA:4,(anonymous_10)
FNDA:44,(anonymous_11)
FNDA:88,(anonymous_12)
FNDA:2,(anonymous_13)
FNDA:88,(anonymous_14)
FNDA:2,(anonymous_15)
FNDA:2,(anonymous_16)
FNDA:44,(anonymous_17)
FNDA:13,(anonymous_18)
FNDA:44,(anonymous_19)
DA:22,1
DA:71,1
DA:72,11
DA:73,11
DA:74,11
DA:75,11
DA:76,11
DA:77,11
DA:79,11
DA:80,2
DA:81,2
DA:82,2
DA:83,2
DA:89,11
DA:90,2
DA:91,0
DA:92,0
DA:94,2
DA:95,2
DA:96,2
DA:97,2
DA:98,2
DA:99,2
DA:100,1
DA:101,1
DA:103,1
DA:104,1
DA:106,4
DA:107,1
DA:109,1
DA:110,1
DA:111,4
DA:113,2
DA:117,11
DA:118,2
DA:119,2
DA:122,0
DA:125,0
DA:126,0
DA:131,11
DA:132,3
DA:133,4
DA:137,11
DA:149,44
DA:177,88
DA:189,2
DA:226,88
DA:234,2
DA:235,2
DA:284,44
DA:285,13
DA:304,44
LF:52
LH:47
BRDA:82,0,0,2
BRDA:82,0,1,0
BRDA:90,1,0,0
BRDA:90,1,1,2
BRDA:99,2,0,1
BRDA:99,2,1,1
BRDA:101,3,0,1
BRDA:101,3,1,0
BRDA:106,4,0,1
BRDA:106,4,1,3
BRDA:109,5,0,1
BRDA:109,5,1,0
BRDA:111,6,0,1
BRDA:111,6,1,3
BRDA:118,7,0,2
BRDA:118,7,1,0
BRDA:132,8,0,1
BRDA:132,8,1,2
BRDA:133,9,0,1
BRDA:133,9,1,3
BRDA:157,10,0,13
BRDA:157,10,1,31
BRDA:163,11,0,13
BRDA:163,11,1,31
BRDA:164,12,0,13
BRDA:164,12,1,31
BRDA:190,13,0,13
BRDA:190,13,1,31
BRDA:194,14,0,13
BRDA:194,14,1,31
BRDA:202,15,0,2
BRDA:202,15,1,42
BRDA:202,16,0,44
BRDA:202,16,1,11
BRDA:204,17,0,9
BRDA:204,17,1,33
BRDA:210,18,0,44
BRDA:210,18,1,11
BRDA:210,18,2,1
BRDA:213,19,0,44
BRDA:213,19,1,11
BRDA:213,19,2,2
BRDA:213,19,3,2
BRDA:230,20,0,11
BRDA:230,20,1,77
BRDA:232,21,0,88
BRDA:232,21,1,81
BRDA:235,22,0,2
BRDA:235,22,1,0
BRDA:245,23,0,44
BRDA:245,23,1,11
BRDA:247,24,0,2
BRDA:247,24,1,42
BRDA:247,25,0,44
BRDA:247,25,1,11
BRDA:296,26,0,13
BRDA:296,26,1,2
BRDA:296,26,2,2
BRDA:304,27,0,11
BRDA:304,27,1,0
BRF:60
BRH:53
end_of_record
TN:
SF:src/components/ui/badge.tsx
FN:31,Badge
FNF:1
FNH:1
FNDA:72,Badge
DA:7,2
DA:32,72
LF:2
LH:2
BRF:0
BRH:0
end_of_record
TN:
SF:src/components/ui/button.tsx
FN:43,(anonymous_0)
FNF:1
FNH:1
FNDA:134,(anonymous_0)
DA:7,2
DA:42,2
DA:44,134
DA:45,134
DA:54,2
LF:5
LH:5
BRDA:43,0,0,90
BRDA:44,1,0,44
BRDA:44,1,1,90
BRF:3
BRH:3
end_of_record
TN:
SF:src/components/ui/card.tsx
FN:8,(anonymous_0)
FN:23,(anonymous_1)
FN:35,(anonymous_2)
FN:50,(anonymous_3)
FN:62,(anonymous_4)
FN:70,(anonymous_5)
FNF:6
FNH:5
FNDA:61,(anonymous_0)
FNDA:56,(anonymous_1)
FNDA:56,(anonymous_2)
FNDA:55,(anonymous_3)
FNDA:61,(anonymous_4)
FNDA:0,(anonymous_5)
DA:5,2
DA:9,61
DA:18,2
DA:20,2
DA:24,56
DA:30,2
DA:32,2
DA:36,56
DA:45,2
DA:47,2
DA:51,55
DA:57,2
DA:59,2
DA:63,61
DA:65,2
DA:67,2
DA:71,0
DA:77,2
LF:18
LH:17
BRF:0
BRH:0
end_of_record
TN:
SF:src/components/ui/dialog.tsx
FN:18,(anonymous_0)
FN:33,(anonymous_1)
FN:54,(anonymous_2)
FN:68,(anonymous_3)
FN:85,(anonymous_4)
FN:100,(anonymous_5)
FNF:6
FNH:5
FNDA:11,(anonymous_0)
FNDA:44,(anonymous_1)
FNDA:9,(anonymous_2)
FNDA:0,(anonymous_3)
FNDA:9,(anonymous_4)
FNDA:9,(anonymous_5)
DA:7,1
DA:9,1
DA:11,1
DA:13,1
DA:15,1
DA:19,11
DA:28,1
DA:30,1
DA:34,44
DA:52,1
DA:54,1
DA:58,9
DA:66,1
DA:68,1
DA:72,0
DA:80,1
DA:82,1
DA:86,9
DA:95,1
DA:97,1
DA:101,9
DA:107,1
LF:22
LH:21
BRF:0
BRH:0
end_of_record
TN:
SF:src/components/ui/input.tsx
FN:6,(anonymous_0)
FNF:1
FNH:1
FNDA:20,(anonymous_0)
DA:5,2
DA:7,20
DA:20,2
LF:3
LH:3
BRF:0
BRH:0
end_of_record
TN:
SF:src/components/ui/label.tsx
FN:15,(anonymous_0)
FNF:1
FNH:1
FNDA:9,(anonymous_0)
DA:7,1
DA:11,1
DA:16,9
DA:22,1
LF:4
LH:4
BRF:0
BRH:0
end_of_record
TN:
SF:src/data/mockGameData.ts
FNF:0
FNH:0
DA:18,1
DA:93,1
LF:2
LH:2
BRF:0
BRH:0
end_of_record
TN:
SF:src/lib/utils.ts
FN:4,cn
FNF:1
FNH:1
FNDA:606,cn
DA:5,606
LF:1
LH:1
BRF:0
BRH:0
end_of_record
