TN:
SF:src/components/dashboard/DashboardHeader.tsx
FN:11,(anonymous_0)
FN:27,(anonymous_1)
FN:35,(anonymous_2)
FNF:3
FNH:1
FNDA:7,(anonymous_0)
FNDA:0,(anonymous_1)
FNDA:0,(anonymous_2)
DA:11,1
DA:12,7
DA:27,0
DA:35,0
LF:4
LH:2
BRDA:26,0,0,7
BRDA:26,0,1,0
BRDA:34,1,0,0
BRDA:34,1,1,7
BRF:4
BRH:2
end_of_record
TN:
SF:src/components/dashboard/PlatformStats.tsx
FN:11,(anonymous_0)
FN:13,(anonymous_1)
FN:14,(anonymous_2)
FN:18,(anonymous_3)
FN:22,(anonymous_4)
FN:28,(anonymous_5)
FN:29,(anonymous_6)
FN:36,(anonymous_7)
FN:104,(anonymous_8)
FN:108,(anonymous_9)
FNF:10
FNH:10
FNDA:6,(anonymous_0)
FNDA:12,(anonymous_1)
FNDA:12,(anonymous_2)
FNDA:12,(anonymous_3)
FNDA:12,(anonymous_4)
FNDA:30,(anonymous_5)
FNDA:60,(anonymous_6)
FNDA:12,(anonymous_7)
FNDA:30,(anonymous_8)
FNDA:30,(anonymous_9)
DA:11,1
DA:12,6
DA:13,12
DA:14,12
DA:17,6
DA:18,12
DA:21,6
DA:22,12
DA:28,6
DA:29,60
DA:30,30
DA:36,12
DA:40,6
DA:104,30
DA:109,30
LF:15
LH:15
BRDA:13,0,0,12
BRDA:13,0,1,1
BRDA:14,1,0,12
BRDA:14,1,1,1
BRDA:18,2,0,2
BRDA:18,2,1,10
BRDA:18,3,0,12
BRDA:18,3,1,3
BRDA:22,4,0,2
BRDA:22,4,1,10
BRDA:22,5,0,12
BRDA:22,5,1,3
BRDA:80,6,0,6
BRDA:80,6,1,2
BRDA:104,7,0,30
BRDA:104,7,1,19
BRDA:104,7,2,3
BRDA:109,8,0,30
BRDA:109,8,1,19
BRDA:109,8,2,3
BRDA:109,8,3,11
BRF:21
BRH:21
end_of_record
TN:
SF:src/components/ui/button.tsx
FN:43,(anonymous_0)
FNF:1
FNH:1
FNDA:21,(anonymous_0)
DA:7,1
DA:42,1
DA:44,21
DA:45,21
DA:54,1
LF:5
LH:5
BRDA:43,0,0,21
BRDA:44,1,0,0
BRDA:44,1,1,21
BRF:3
BRH:2
end_of_record
TN:
SF:src/components/ui/card.tsx
FN:8,(anonymous_0)
FN:23,(anonymous_1)
FN:35,(anonymous_2)
FN:50,(anonymous_3)
FN:62,(anonymous_4)
FN:70,(anonymous_5)
FNF:6
FNH:4
FNDA:26,(anonymous_0)
FNDA:26,(anonymous_1)
FNDA:26,(anonymous_2)
FNDA:0,(anonymous_3)
FNDA:26,(anonymous_4)
FNDA:0,(anonymous_5)
DA:5,1
DA:9,26
DA:18,1
DA:20,1
DA:24,26
DA:30,1
DA:32,1
DA:36,26
DA:45,1
DA:47,1
DA:51,0
DA:57,1
DA:59,1
DA:63,26
DA:65,1
DA:67,1
DA:71,0
DA:77,1
LF:18
LH:16
BRF:0
BRH:0
end_of_record
TN:
SF:src/config/platformConfig.ts
FNF:0
FNH:0
DA:1,1
LF:1
LH:1
BRF:0
BRH:0
end_of_record
TN:
SF:src/lib/utils.ts
FN:4,cn
FNF:1
FNH:1
FNDA:125,cn
DA:5,125
LF:1
LH:1
BRF:0
BRH:0
end_of_record
TN:
SF:src/pages/Index.tsx
FN:8,(anonymous_0)
FN:13,(anonymous_1)
FN:14,(anonymous_2)
FNF:3
FNH:3
FNDA:7,(anonymous_0)
FNDA:6,(anonymous_1)
FNDA:6,(anonymous_2)
DA:8,1
DA:9,7
DA:10,7
DA:11,7
DA:13,7
DA:14,6
DA:15,6
DA:18,6
DA:19,5
DA:21,1
DA:23,1
DA:25,4
DA:26,4
DA:27,4
DA:28,4
DA:30,0
DA:31,0
DA:34,1
DA:39,6
DA:42,7
LF:20
LH:18
BRDA:19,0,0,1
BRDA:19,0,1,4
BRDA:26,1,0,4
BRDA:26,1,1,0
BRDA:50,2,0,7
BRDA:50,2,1,0
BRF:6
BRH:4
end_of_record
